[2017-07-17 13:41:52,661][    INFO] --- url: https://kyfw.12306.cn/otn/passcodeNew/getPassCodeNew?module=login&rand=sjrand&0.990383188396 (logger.py:67)
[2017-07-17 13:41:52,670][    INFO] --- Starting new HTTPS connection (1): kyfw.12306.cn (connectionpool.py:805)
[2017-07-17 13:42:14,852][    INFO] --- url: https://kyfw.12306.cn/otn/passcodeNew/checkRandCodeAnsyn (logger.py:67)
[2017-07-17 13:42:17,155][    INFO] --- pdata: {u'status': True, u'validateMessagesShowId': u'_validatorMessage', u'messages': [], u'httpstatus': 200, u'validateMessages': {}, u'data': {u'msg': u'TRUE', u'result': u'1'}} (logger.py:67)
[2017-07-17 13:42:17,157][    INFO] --- url: https://kyfw.12306.cn/otn/login/loginAysnSuggest (logger.py:67)
[2017-07-17 13:42:17,157][    INFO] --- qdata:{'userDTO.password': 'QWERTY', 'randCode': '240,51', 'loginUserDTO.user_name': '931128603@qq.com'} (logger.py:67)
[2017-07-17 13:42:17,898][    INFO] --- pdata: {u'status': False, u'validateMessagesShowId': u'_validatorMessage', u'httpstatus': 200, u'messages': [u'\u7cfb\u7edf\u5fd9\uff0c\u8bf7\u7a0d\u540e\u91cd\u8bd5'], u'url': u'/leftTicket/init', u'validateMessages': {}} (logger.py:67)
[2017-07-17 13:44:27,032][    INFO] --- url: https://kyfw.12306.cn/otn/passcodeNew/getPassCodeNew?module=login&rand=sjrand&0.726743191751 (logger.py:67)
[2017-07-17 13:44:38,161][    INFO] --- url: https://kyfw.12306.cn/otn/passcodeNew/checkRandCodeAnsyn (logger.py:67)
[2017-07-17 13:44:43,167][    INFO] --- pdata: {u'status': True, u'validateMessagesShowId': u'_validatorMessage', u'messages': [], u'httpstatus': 200, u'validateMessages': {}, u'data': {u'msg': u'TRUE', u'result': u'1'}} (logger.py:67)
[2017-07-17 13:44:43,167][    INFO] --- url: https://kyfw.12306.cn/otn/login/loginAysnSuggest (logger.py:67)
[2017-07-17 13:44:43,167][    INFO] --- qdata:{'userDTO.password': 'QWERTY', 'randCode': '38,121,177,113', 'loginUserDTO.user_name': '931128603@qq.com'} (logger.py:67)
[2017-07-17 13:44:46,473][    INFO] --- pdata: {u'status': False, u'validateMessagesShowId': u'_validatorMessage', u'httpstatus': 200, u'messages': [u'\u7cfb\u7edf\u5fd9\uff0c\u8bf7\u7a0d\u540e\u91cd\u8bd5'], u'url': u'/leftTicket/init', u'validateMessages': {}} (logger.py:67)
[2017-07-17 13:46:49,486][    INFO] --- url: https://kyfw.12306.cn/otn/passcodeNew/getPassCodeNew?module=login&rand=sjrand&0.122021317906 (logger.py:67)
[2017-07-17 13:46:57,878][    INFO] --- url: https://kyfw.12306.cn/otn/passcodeNew/checkRandCodeAnsyn (logger.py:67)
[2017-07-17 13:46:58,118][    INFO] --- url: https://kyfw.12306.cn/otn/passcodeNew/getPassCodeNew?module=login&rand=sjrand&0.686740421382 (logger.py:67)
[2017-07-17 13:46:58,122][    INFO] --- Starting new HTTPS connection (2): kyfw.12306.cn (connectionpool.py:805)
[2017-07-17 13:47:06,322][    INFO] --- url: https://kyfw.12306.cn/otn/passcodeNew/checkRandCodeAnsyn (logger.py:67)
[2017-07-17 13:47:08,262][    INFO] --- pdata: {u'status': True, u'validateMessagesShowId': u'_validatorMessage', u'messages': [], u'httpstatus': 200, u'validateMessages': {}, u'data': {u'msg': u'FALSE', u'result': u'0'}} (logger.py:67)
[2017-07-17 13:47:08,263][    INFO] --- url: https://kyfw.12306.cn/otn/passcodeNew/getPassCodeNew?module=login&rand=sjrand&0.553507311734 (logger.py:67)
[2017-07-17 13:48:15,798][    INFO] --- url: https://kyfw.12306.cn/otn/passcodeNew/getPassCodeNew?module=login&rand=sjrand&0.318073566161 (logger.py:67)
[2017-07-17 13:48:38,747][    INFO] --- url: https://kyfw.12306.cn/otn/passcodeNew/checkRandCodeAnsyn (logger.py:67)
[2017-07-17 13:48:39,930][    INFO] --- pdata: {u'status': True, u'validateMessagesShowId': u'_validatorMessage', u'messages': [], u'httpstatus': 200, u'validateMessages': {}, u'data': {u'msg': u'TRUE', u'result': u'1'}} (logger.py:67)
[2017-07-17 13:48:39,930][    INFO] --- url: https://kyfw.12306.cn/otn/login/loginAysnSuggest (logger.py:67)
[2017-07-17 13:48:39,930][    INFO] --- qdata:{'userDTO.password': 'QWERTY', 'randCode': '43,124,105,49', 'loginUserDTO.user_name': '931128603@qq.com'} (logger.py:67)
[2017-07-17 13:48:47,203][    INFO] --- pdata: {u'status': False, u'validateMessagesShowId': u'_validatorMessage', u'httpstatus': 200, u'messages': [u'\u7cfb\u7edf\u5fd9\uff0c\u8bf7\u7a0d\u540e\u91cd\u8bd5'], u'url': u'/leftTicket/init', u'validateMessages': {}} (logger.py:67)
[2017-07-17 13:56:28,184][    INFO] --- url: https://kyfw.12306.cn/otn/passcodeNew/getPassCodeNew?module=login&rand=sjrand&0.948207361244 (logger.py:67)
[2017-07-17 13:56:39,227][    INFO] --- url: https://kyfw.12306.cn/otn/passcodeNew/checkRandCodeAnsyn (logger.py:67)
[2017-07-17 13:56:43,553][    INFO] --- pdata: {u'status': True, u'validateMessagesShowId': u'_validatorMessage', u'messages': [], u'httpstatus': 200, u'validateMessages': {}, u'data': {u'msg': u'TRUE', u'result': u'1'}} (logger.py:67)
[2017-07-17 13:56:43,553][    INFO] --- url: https://kyfw.12306.cn/otn/login/loginAysnSuggest (logger.py:67)
[2017-07-17 13:56:43,555][    INFO] --- qdata:{'userDTO.password': 'QWERTY', 'randCode': '184,53,129,58', 'loginUserDTO.user_name': '931128603@qq.com'} (logger.py:67)
[2017-07-17 13:56:44,500][    INFO] --- pdata: {u'status': False, u'validateMessagesShowId': u'_validatorMessage', u'httpstatus': 200, u'messages': [u'\u7cfb\u7edf\u5fd9\uff0c\u8bf7\u7a0d\u540e\u91cd\u8bd5'], u'url': u'/leftTicket/init', u'validateMessages': {}} (logger.py:67)
[2017-07-17 14:32:13,460][    INFO] --- url: https://kyfw.12306.cn/otn/passcodeNew/getPassCodeNew?module=login&rand=sjrand&0.807194649532 (logger.py:67)
[2017-07-17 14:32:31,252][    INFO] --- url: https://kyfw.12306.cn/otn/passcodeNew/checkRandCodeAnsyn (logger.py:67)
[2017-07-17 14:32:35,914][    INFO] --- pdata: {u'status': True, u'validateMessagesShowId': u'_validatorMessage', u'messages': [], u'httpstatus': 200, u'validateMessages': {}, u'data': {u'msg': u'TRUE', u'result': u'1'}} (logger.py:67)
[2017-07-17 14:32:35,914][    INFO] --- url: https://kyfw.12306.cn/otn/login/loginAysnSuggest (logger.py:67)
[2017-07-17 14:32:35,914][    INFO] --- qdata:{'userDTO.password': 'QWERTY', 'randCode': '106,45,191,119', 'loginUserDTO.user_name': '931128603@qq.com'} (logger.py:67)
[2017-07-17 14:32:36,516][    INFO] --- pdata: {u'status': False, u'validateMessagesShowId': u'_validatorMessage', u'httpstatus': 200, u'messages': [u'\u7cfb\u7edf\u5fd9\uff0c\u8bf7\u7a0d\u540e\u91cd\u8bd5'], u'url': u'/leftTicket/init', u'validateMessages': {}} (logger.py:67)
[2017-07-17 15:07:50,957][    INFO] --- url: https://kyfw.12306.cn/otn/passcodeNew/getPassCodeNew?module=login&rand=sjrand&0.776031294637 (logger.py:67)
[2017-07-17 15:07:50,967][    INFO] --- Starting new HTTPS connection (1): kyfw.12306.cn (connectionpool.py:805)
[2017-07-17 15:08:09,655][    INFO] --- url: https://kyfw.12306.cn/otn/passcodeNew/checkRandCodeAnsyn (logger.py:67)
[2017-07-17 15:08:11,755][    INFO] --- pdata: {u'status': True, u'validateMessagesShowId': u'_validatorMessage', u'messages': [], u'httpstatus': 200, u'validateMessages': {}, u'data': {u'msg': u'TRUE', u'result': u'1'}} (logger.py:67)
[2017-07-17 15:08:11,755][    INFO] --- url: https://kyfw.12306.cn/otn/login/loginAysnSuggest (logger.py:67)
[2017-07-17 15:08:11,755][    INFO] --- qdata:{'userDTO.password': 'QWERTY', 'randCode': '256,29,105,47', 'loginUserDTO.user_name': '931128603@qq.com'} (logger.py:67)
[2017-07-17 15:08:14,940][    INFO] --- pdat a: {u'status': False, u'validateMessagesShowId': u'_validatorMessage', u'httpstatus': 200, u'messages': [u'\u7cfb\u7edf\u5fd9\uff0c\u8bf7\u7a0d\u540e\u91cd\u8bd5'], u'url': u'/leftTicket/init', u'validateMessages': {}} (logger.py:67)
