[2017-07-29 11:47:36,752][    INFO] --- url: https://kyfw.12306.cn/otn/passcodeNew/getPassCodeNew?module=login&rand=sjrand&0.901395396347 (logger.py:67)
[2017-07-29 11:47:45,082][    INFO] --- url: https://kyfw.12306.cn/otn/passcodeNew/checkRandCodeAnsyn (logger.py:67)
[2017-07-29 11:47:45,210][    INFO] --- pdata: {u'status': True, u'validateMessagesShowId': u'_validatorMessage', u'messages': [], u'httpstatus': 200, u'validateMessages': {}, u'data': {u'msg': u'TRUE', u'result': u'1'}} (logger.py:67)
[2017-07-29 11:47:45,210][    INFO] --- url: https://kyfw.12306.cn/otn/login/loginAysnSuggest (logger.py:67)
[2017-07-29 11:47:45,211][    INFO] --- qdata:{'userDTO.password': 'QWERTY', 'randCode': '255,110,258,30', 'loginUserDTO.user_name': '931128603@qq.com'} (logger.py:67)
[2017-07-29 11:47:45,369][    INFO] --- pdata: {u'status': False, u'validateMessagesShowId': u'_validatorMessage', u'httpstatus': 200, u'messages': [u'\u7cfb\u7edf\u5fd9\uff0c\u8bf7\u7a0d\u540e\u91cd\u8bd5'], u'url': u'/leftTicket/init', u'validateMessages': {}} (logger.py:67)
[2017-07-29 11:48:41,970][    INFO] --- url: https://kyfw.12306.cn/otn/passcodeNew/getPassCodeNew?module=login&rand=sjrand&0.298145759888 (logger.py:67)
[2017-07-29 11:48:48,049][    INFO] --- url: https://kyfw.12306.cn/otn/passcodeNew/checkRandCodeAnsyn (logger.py:67)
[2017-07-29 11:48:48,190][    INFO] --- pdata: {u'status': True, u'validateMessagesShowId': u'_validatorMessage', u'messages': [], u'httpstatus': 200, u'validateMessages': {}, u'data': {u'msg': u'TRUE', u'result': u'1'}} (logger.py:67)
[2017-07-29 11:48:48,190][    INFO] --- url: https://kyfw.12306.cn/otn/login/loginAysnSuggest (logger.py:67)
[2017-07-29 11:48:48,190][    INFO] --- qdata:{'userDTO.password': 'QWERTY', 'randCode': '179,119', 'loginUserDTO.user_name': '931128603@qq.com'} (logger.py:67)
[2017-07-29 11:48:48,361][    INFO] --- pdata: {u'status': False, u'validateMessagesShowId': u'_validatorMessage', u'httpstatus': 200, u'messages': [u'\u7cfb\u7edf\u5fd9\uff0c\u8bf7\u7a0d\u540e\u91cd\u8bd5'], u'url': u'/leftTicket/init', u'validateMessages': {}} (logger.py:67)
[2017-07-29 11:56:54,138][    INFO] --- url: https://kyfw.12306.cn/otn/passcodeNew/getPassCodeNew?module=login&rand=sjrand&0.512580477264 (logger.py:67)
[2017-07-29 11:57:01,845][    INFO] --- url: https://kyfw.12306.cn/otn/passcodeNew/getPassCodeNew?module=login&rand=sjrand&0.0713879882307 (logger.py:67)
[2017-07-29 11:57:12,002][    INFO] --- url: https://kyfw.12306.cn/otn/passcodeNew/checkRandCodeAnsyn (logger.py:67)
[2017-07-29 11:57:12,204][    INFO] --- pdata: {u'status': True, u'validateMessagesShowId': u'_validatorMessage', u'messages': [], u'httpstatus': 200, u'validateMessages': {}, u'data': {u'msg': u'FALSE', u'result': u'0'}} (logger.py:67)
[2017-07-29 11:57:12,204][    INFO] --- url: https://kyfw.12306.cn/otn/passcodeNew/getPassCodeNew?module=login&rand=sjrand&0.643856248788 (logger.py:67)
[2017-07-29 11:57:22,142][    INFO] --- url: https://kyfw.12306.cn/otn/passcodeNew/checkRandCodeAnsyn (logger.py:67)
[2017-07-29 11:57:22,299][    INFO] --- pdata: {u'status': True, u'validateMessagesShowId': u'_validatorMessage', u'messages': [], u'httpstatus': 200, u'validateMessages': {}, u'data': {u'msg': u'TRUE', u'result': u'1'}} (logger.py:67)
[2017-07-29 11:57:22,299][    INFO] --- url: https://kyfw.12306.cn/otn/login/loginAysnSuggest (logger.py:67)
[2017-07-29 11:57:22,299][    INFO] --- qdata:{'userDTO.password': 'QWERTY', 'randCode': '165,102,101,104,175,57', 'loginUserDTO.user_name': '931128603@qq.com'} (logger.py:67)
[2017-07-29 11:57:22,470][    INFO] --- pdata: {u'status': False, u'validateMessagesShowId': u'_validatorMessage', u'httpstatus': 200, u'messages': [u'\u7cfb\u7edf\u5fd9\uff0c\u8bf7\u7a0d\u540e\u91cd\u8bd5'], u'url': u'/leftTicket/init', u'validateMessages': {}} (logger.py:67)
[2017-07-29 12:18:23,447][    INFO] --- url: https://kyfw.12306.cn/otn/passcodeNew/getPassCodeNew?module=login&rand=sjrand&0.222264215912 (logger.py:67)
[2017-07-29 12:18:27,049][    INFO] --- url: https://kyfw.12306.cn/otn/passcodeNew/checkRandCodeAnsyn (logger.py:67)
[2017-07-29 12:18:27,197][    INFO] --- pdata: {u'status': True, u'validateMessagesShowId': u'_validatorMessage', u'messages': [], u'httpstatus': 200, u'validateMessages': {}, u'data': {u'msg': u'', u'result': u'0'}} (logger.py:67)
[2017-07-29 12:18:27,198][    INFO] --- url: https://kyfw.12306.cn/otn/passcodeNew/getPassCodeNew?module=login&rand=sjrand&0.780098091496 (logger.py:67)
[2017-07-29 12:18:30,688][    INFO] --- url: https://kyfw.12306.cn/otn/passcodeNew/checkRandCodeAnsyn (logger.py:67)
[2017-07-29 12:18:30,819][    INFO] --- pdata: {u'status': True, u'validateMessagesShowId': u'_validatorMessage', u'messages': [], u'httpstatus': 200, u'validateMessages': {}, u'data': {u'msg': u'', u'result': u'0'}} (logger.py:67)
[2017-07-29 12:18:30,821][    INFO] --- url: https://kyfw.12306.cn/otn/passcodeNew/getPassCodeNew?module=login&rand=sjrand&0.0702023416617 (logger.py:67)
[2017-07-29 12:18:34,947][    INFO] --- url: https://kyfw.12306.cn/otn/passcodeNew/checkRandCodeAnsyn (logger.py:67)
[2017-07-29 12:18:35,118][    INFO] --- pdata: {u'status': True, u'validateMessagesShowId': u'_validatorMessage', u'messages': [], u'httpstatus': 200, u'validateMessages': {}, u'data': {u'msg': u'TRUE', u'result': u'1'}} (logger.py:67)
[2017-07-29 12:18:35,118][    INFO] --- url: https://kyfw.12306.cn/otn/login/loginAysnSuggest (logger.py:67)
[2017-07-29 12:18:35,118][    INFO] --- qdata:{'userDTO.password': 'QWERTY', 'randCode': '48,113', 'loginUserDTO.user_name': '931128603@qq.com'} (logger.py:67)
[2017-07-29 12:18:35,276][    INFO] --- pdata: {u'status': False, u'validateMessagesShowId': u'_validatorMessage', u'httpstatus': 200, u'messages': [u'\u7cfb\u7edf\u5fd9\uff0c\u8bf7\u7a0d\u540e\u91cd\u8bd5'], u'url': u'/leftTicket/init', u'validateMessages': {}} (logger.py:67)
[2017-07-29 12:19:07,438][    INFO] --- url: https://kyfw.12306.cn/otn/passcodeNew/getPassCodeNew?module=login&rand=sjrand&0.782633023331 (logger.py:67)
[2017-07-29 12:21:59,454][    INFO] --- url: https://kyfw.12306.cn/otn/passcodeNew/getPassCodeNew?module=login&rand=sjrand&0.957117833464 (logger.py:67)
[2017-07-29 12:22:37,687][    INFO] --- url: https://kyfw.12306.cn/otn/passcodeNew/getPassCodeNew?module=login&rand=sjrand&0.593812253195 (logger.py:67)
[2017-07-29 12:22:42,240][    INFO] --- url: https://kyfw.12306.cn/otn/passcodeNew/checkRandCodeAnsyn (logger.py:67)
[2017-07-29 12:22:42,388][    INFO] --- pdata: {u'status': True, u'validateMessagesShowId': u'_validatorMessage', u'messages': [], u'httpstatus': 200, u'validateMessages': {}, u'data': {u'msg': u'TRUE', u'result': u'1'}} (logger.py:67)
[2017-07-29 12:22:42,390][    INFO] --- url: https://kyfw.12306.cn/otn/login/loginAysnSuggest (logger.py:67)
[2017-07-29 12:22:42,390][    INFO] --- qdata:{'userDTO.password': 'QWERTY', 'randCode': '193,109,38,58', 'loginUserDTO.user_name': '931128603@qq.com'} (logger.py:67)
[2017-07-29 12:22:42,536][    INFO] --- pdata: {u'status': False, u'validateMessagesShowId': u'_validatorMessage', u'httpstatus': 200, u'messages': [u'\u7cfb\u7edf\u5fd9\uff0c\u8bf7\u7a0d\u540e\u91cd\u8bd5'], u'url': u'/leftTicket/init', u'validateMessages': {}} (logger.py:67)
